<?xml version="1.0" encoding="UTF-8"?>
<testng-results skipped="0" failed="0" ignored="0" total="1" passed="1">
  <reporter-output>
  </reporter-output>
  <suite name="Default suite" duration-ms="6521" started-at="2018-01-23T00:27:25Z" finished-at="2018-01-23T00:27:31Z">
    <groups>
    </groups>
    <test name="Default test" duration-ms="6521" started-at="2018-01-23T00:27:25Z" finished-at="2018-01-23T00:27:31Z">
      <class name="com.codistan.qaclass01.mavenrevise2.MavenRevise1">
        <test-method status="PASS" signature="Ebay()[pri:0, instance:com.codistan.qaclass01.mavenrevise2.MavenRevise1@221a3fa4]" name="Ebay" duration-ms="4399" started-at="2018-01-22T18:27:25Z" finished-at="2018-01-22T18:27:29Z">
          <reporter-output>
          </reporter-output>
        </test-method> <!-- Ebay -->
        <test-method status="PASS" signature="endTest()[pri:0, instance:com.codistan.qaclass01.mavenrevise2.MavenRevise1@221a3fa4]" name="endTest" is-config="true" duration-ms="2099" started-at="2018-01-22T18:27:29Z" finished-at="2018-01-22T18:27:31Z">
          <reporter-output>
          </reporter-output>
        </test-method> <!-- endTest -->
      </class> <!-- com.codistan.qaclass01.mavenrevise2.MavenRevise1 -->
    </test> <!-- Default test -->
  </suite> <!-- Default suite -->
</testng-results>
